<?xml version="1.0" encoding="UTF-8"?><testsuite xmlns:xsi="http://www.w3.org/2001/XMLSchema-instance" xsi:noNamespaceSchemaLocation="https://maven.apache.org/surefire/maven-surefire-plugin/xsd/surefire-test-report.xsd" version="3.0.2" name="com.example.springmaven.ApplicationTest" time="2.245" tests="2" errors="0" skipped="0" failures="0">
  <properties>
[...]
</properties>
  <testcase name="My method Test" classname="ApplicationTest" file="src/test/java/com/example/springmaven/ApplicationTest.java" time="0.483">
    <system-out>17:33:24.882 [main] INFO org.springframework.test.context.support.AnnotationConfigContextLoaderUtils -- Could not detect default configuration classes for test class [com.example.springmaven.ApplicationTest]: ApplicationTest does not declare any static, non-private, non-final, nested classes annotated with @Configuration.
17:33:24.981 [main] INFO org.springframework.boot.test.context.SpringBootTestContextBootstrapper -- Found @SpringBootConfiguration com.example.springmaven.Application for test class com.example.springmaven.ApplicationTest

  .   ____          _            __ _ _
 /\\ / ___'_ __ _ _(_)_ __  __ _ \ \ \ \
( ( )\___ | '_ | '_| | '_ \/ _` | \ \ \ \
 \\/  ___)| |_)| | | | | || (_| |  ) ) ) )
  '  |____| .__|_| |_|_| |_\__, | / / / /
 =========|_|==============|___/=/_/_/_/

 :: Spring Boot ::                (v3.5.5)

2025-08-23T17:33:25.346+01:00  INFO 11373 --- [           main] c.example.springmaven.ApplicationTest    : Starting ApplicationTest using Java 21.0.8 with PID 11373 (started by anthonygnolan in /Users/anthonygnolan/Developer/anthonygnolan/spring-maven)
2025-08-23T17:33:25.346+01:00  INFO 11373 --- [           main] c.example.springmaven.ApplicationTest    : No active profile set, falling back to 1 default profile: "default"
2025-08-23T17:33:26.149+01:00  INFO 11373 --- [           main] c.example.springmaven.ApplicationTest    : Started ApplicationTest in 1.042 seconds (process running for 1.878)
2025-08-23T17:33:26.636+01:00  WARN 11373 --- [           main] com.example.springmaven.Application      : I just got executed!
</system-out>
    <system-err>Mockito is currently self-attaching to enable the inline-mock-maker. This will no longer work in future releases of the JDK. Please add Mockito as an agent to your build as described in Mockito's documentation: https://javadoc.io/doc/org.mockito/mockito-core/latest/org.mockito/org/mockito/Mockito.html#0.3
WARNING: A Java agent has been loaded dynamically (/Users/anthonygnolan/.m2/repository/net/bytebuddy/byte-buddy-agent/1.17.7/byte-buddy-agent-1.17.7.jar)
WARNING: If a serviceability tool is in use, please run with -XX:+EnableDynamicAgentLoading to hide this warning
WARNING: If a serviceability tool is not in use, please run with -Djdk.instrument.traceUsage for more information
WARNING: Dynamic loading of agents will be disallowed by default in a future release
</system-err>
  </testcase>
  <testcase name="contextLoads" classname="ApplicationTest" file="src/test/java/com/example/springmaven/ApplicationTest.java" time="0.339">
    <system-out>
  .   ____          _            __ _ _
 /\\ / ___'_ __ _ _(_)_ __  __ _ \ \ \ \
( ( )\___ | '_ | '_| | '_ \/ _` | \ \ \ \
 \\/  ___)| |_)| | | | | || (_| |  ) ) ) )
  '  |____| .__|_| |_|_| |_\__, | / / / /
 =========|_|==============|___/=/_/_/_/

 :: Spring Boot ::                (v3.5.5)

2025-08-23T17:33:26.660+01:00  INFO 11373 --- [           main] com.example.springmaven.Application      : Starting Application using Java 21.0.8 with PID 11373 (started by anthonygnolan in /Users/anthonygnolan/Developer/anthonygnolan/spring-maven)
2025-08-23T17:33:26.660+01:00  INFO 11373 --- [           main] com.example.springmaven.Application      : No active profile set, falling back to 1 default profile: "default"
2025-08-23T17:33:26.823+01:00  INFO 11373 --- [           main] o.s.b.w.embedded.tomcat.TomcatWebServer  : Tomcat initialized with port 8080 (http)
2025-08-23T17:33:26.840+01:00  INFO 11373 --- [           main] o.apache.catalina.core.StandardService   : Starting service [Tomcat]
2025-08-23T17:33:26.841+01:00  INFO 11373 --- [           main] o.apache.catalina.core.StandardEngine    : Starting Servlet engine: [Apache Tomcat/10.1.44]
2025-08-23T17:33:26.870+01:00  INFO 11373 --- [           main] o.a.c.c.C.[Tomcat].[localhost].[/]       : Initializing Spring embedded WebApplicationContext
2025-08-23T17:33:26.871+01:00  INFO 11373 --- [           main] w.s.c.ServletWebServerApplicationContext : Root WebApplicationContext: initialization completed in 209 ms
2025-08-23T17:33:26.975+01:00  INFO 11373 --- [           main] o.s.b.w.embedded.tomcat.TomcatWebServer  : Tomcat started on port 8080 (http) with context path '/'
2025-08-23T17:33:26.978+01:00  INFO 11373 --- [           main] com.example.springmaven.Application      : Started Application in 0.334 seconds (process running for 2.707)
</system-out>
  </testcase>
</testsuite>